<?xml version="1.0" encoding="UTF-8"?>
<!-- Generated by org.testng.reporters.JUnitXMLReporter -->
<testsuite ignored="0" hostname="LAPTOP-NDMHF2PI" failures="0" tests="10" name="Surefire test" time="22.241" errors="0" timestamp="2024-02-19T11:08:13 IST">
  <testcase classname="api.tests.DataDrivenTests" name="testPostUser" time="3.147"/>
  <testcase classname="api.tests.DataDrivenTests" name="testPostUser" time="1.572"/>
  <testcase classname="api.tests.DataDrivenTests" name="testPostUser" time="1.604"/>
  <testcase classname="api.tests.DataDrivenTests" name="testDeleteUserByName" time="1.675"/>
  <testcase classname="api.tests.DataDrivenTests" name="testDeleteUserByName" time="2.067"/>
  <testcase classname="api.tests.DataDrivenTests" name="testDeleteUserByName" time="1.621"/>
  <testcase classname="api.tests.UserTests" name="testPostUser" time="1.661"/>
  <testcase classname="api.tests.UserTests" name="testGetUserByName" time="1.795"/>
  <testcase classname="api.tests.UserTests" name="testPutUser" time="3.644"/>
  <testcase classname="api.tests.UserTests" name="testDeleteUserByName" time="1.702"/>
</testsuite> <!-- Surefire test -->
