<?xml version="1.0" encoding="UTF-8"?>
<!-- Generated by org.testng.reporters.JUnitXMLReporter -->
<testsuite ignored="0" hostname="LAPTOP-NDMHF2PI" failures="0" tests="6" name="Default test" time="14.425" errors="0" timestamp="2024-02-16T18:33:21 IST">
  <testcase classname="api.tests.DataDrivenTests" name="testPostUser" time="3.75"/>
  <testcase classname="api.tests.DataDrivenTests" name="testPostUser" time="2.042"/>
  <testcase classname="api.tests.DataDrivenTests" name="testPostUser" time="2.297"/>
  <testcase classname="api.tests.DataDrivenTests" name="testDeleteUserByName" time="1.698"/>
  <testcase classname="api.tests.DataDrivenTests" name="testDeleteUserByName" time="1.673"/>
  <testcase classname="api.tests.DataDrivenTests" name="testDeleteUserByName" time="1.613"/>
</testsuite> <!-- Default test -->
