<?xml version="1.0" encoding="UTF-8"?>
<testng-results ignored="0" total="4" passed="4" failed="0" skipped="0">
  <reporter-output>
  </reporter-output>
  <suite started-at="2024-02-19T11:18:10 IST" name="PetSuite" finished-at="2024-02-19T11:18:22 IST" duration-ms="11255">
    <groups>
    </groups>
    <test started-at="2024-02-19T11:18:10 IST" name="PetTest" finished-at="2024-02-19T11:18:22 IST" duration-ms="11255">
      <class name="api.tests.UserTests">
        <test-method is-config="true" signature="setup()[pri:0, instance:api.tests.UserTests@1afd44cb]" started-at="2024-02-19T11:18:10 IST" name="setup" finished-at="2024-02-19T11:18:11 IST" duration-ms="671" status="PASS">
          <reporter-output>
          </reporter-output>
        </test-method> <!-- setup -->
        <test-method signature="testPostUser()[pri:1, instance:api.tests.UserTests@1afd44cb]" started-at="2024-02-19T11:18:11 IST" name="testPostUser" finished-at="2024-02-19T11:18:15 IST" duration-ms="3497" status="PASS">
          <reporter-output>
          </reporter-output>
        </test-method> <!-- testPostUser -->
        <test-method signature="testGetUserByName()[pri:2, instance:api.tests.UserTests@1afd44cb]" started-at="2024-02-19T11:18:15 IST" name="testGetUserByName" finished-at="2024-02-19T11:18:16 IST" duration-ms="1689" status="PASS">
          <reporter-output>
          </reporter-output>
        </test-method> <!-- testGetUserByName -->
        <test-method signature="testPutUser()[pri:3, instance:api.tests.UserTests@1afd44cb]" started-at="2024-02-19T11:18:16 IST" name="testPutUser" finished-at="2024-02-19T11:18:20 IST" duration-ms="3210" status="PASS">
          <reporter-output>
          </reporter-output>
        </test-method> <!-- testPutUser -->
        <test-method signature="testDeleteUserByName()[pri:4, instance:api.tests.UserTests@1afd44cb]" started-at="2024-02-19T11:18:20 IST" name="testDeleteUserByName" finished-at="2024-02-19T11:18:22 IST" duration-ms="1950" status="PASS">
          <reporter-output>
          </reporter-output>
        </test-method> <!-- testDeleteUserByName -->
      </class> <!-- api.tests.UserTests -->
    </test> <!-- PetTest -->
  </suite> <!-- PetSuite -->
</testng-results>
