<?xml version="1.0" encoding="UTF-8"?>
<testng-results ignored="0" total="4" passed="4" failed="0" skipped="0">
  <reporter-output>
  </reporter-output>
  <suite started-at="2024-02-19T10:53:42 IST" name="PetSuite" finished-at="2024-02-19T10:53:53 IST" duration-ms="10933">
    <groups>
    </groups>
    <test started-at="2024-02-19T10:53:42 IST" name="PetTest" finished-at="2024-02-19T10:53:53 IST" duration-ms="10933">
      <class name="api.tests.UserTests">
        <test-method is-config="true" signature="setup()[pri:0, instance:api.tests.UserTests@6e6f2380]" started-at="2024-02-19T10:53:42 IST" name="setup" finished-at="2024-02-19T10:53:43 IST" duration-ms="763" status="PASS">
          <reporter-output>
          </reporter-output>
        </test-method> <!-- setup -->
        <test-method signature="testPostUser()[pri:1, instance:api.tests.UserTests@6e6f2380]" started-at="2024-02-19T10:53:43 IST" name="testPostUser" finished-at="2024-02-19T10:53:46 IST" duration-ms="3403" status="PASS">
          <reporter-output>
          </reporter-output>
        </test-method> <!-- testPostUser -->
        <test-method signature="testGetUserByName()[pri:2, instance:api.tests.UserTests@6e6f2380]" started-at="2024-02-19T10:53:46 IST" name="testGetUserByName" finished-at="2024-02-19T10:53:48 IST" duration-ms="1711" status="PASS">
          <reporter-output>
          </reporter-output>
        </test-method> <!-- testGetUserByName -->
        <test-method signature="testPutUser()[pri:3, instance:api.tests.UserTests@6e6f2380]" started-at="2024-02-19T10:53:48 IST" name="testPutUser" finished-at="2024-02-19T10:53:51 IST" duration-ms="3157" status="PASS">
          <reporter-output>
          </reporter-output>
        </test-method> <!-- testPutUser -->
        <test-method signature="testDeleteUserByName()[pri:4, instance:api.tests.UserTests@6e6f2380]" started-at="2024-02-19T10:53:51 IST" name="testDeleteUserByName" finished-at="2024-02-19T10:53:53 IST" duration-ms="1559" status="PASS">
          <reporter-output>
          </reporter-output>
        </test-method> <!-- testDeleteUserByName -->
      </class> <!-- api.tests.UserTests -->
    </test> <!-- PetTest -->
  </suite> <!-- PetSuite -->
</testng-results>
