<?xml version="1.0" encoding="UTF-8"?>
<!-- Generated by org.testng.reporters.JUnitXMLReporter -->
<testsuite ignored="0" hostname="LAPTOP-NDMHF2PI" failures="0" tests="4" name="PetTest" time="11.255" errors="0" timestamp="2024-02-19T11:18:22 IST">
  <testcase classname="api.tests.UserTests" name="testPostUser" time="3.497"/>
  <testcase classname="api.tests.UserTests" name="testGetUserByName" time="1.689"/>
  <testcase classname="api.tests.UserTests" name="testPutUser" time="3.21"/>
  <testcase classname="api.tests.UserTests" name="testDeleteUserByName" time="1.95"/>
</testsuite> <!-- PetTest -->
