<?xml version="1.0" encoding="UTF-8"?>
<!-- Generated by org.testng.reporters.JUnitXMLReporter -->
<testsuite ignored="0" hostname="LAPTOP-NDMHF2PI" failures="0" tests="4" name="PetTest" time="10.933" errors="0" timestamp="2024-02-19T10:53:53 IST">
  <testcase classname="api.tests.UserTests" name="testPostUser" time="3.403"/>
  <testcase classname="api.tests.UserTests" name="testGetUserByName" time="1.711"/>
  <testcase classname="api.tests.UserTests" name="testPutUser" time="3.157"/>
  <testcase classname="api.tests.UserTests" name="testDeleteUserByName" time="1.559"/>
</testsuite> <!-- PetTest -->
